<?xml version="1.0" encoding="UTF-8"?>
<!-- Generated by org.testng.reporters.JUnitReportReporter -->
<testsuite skipped="0" hostname="P59243" name="Practice.apiDemoTest" tests="2" failures="0" timestamp="2019-12-19T17:00:50 JST" time="30.072" errors="0">
  <testcase name="apiDemo" time="15.791" classname="Practice.apiDemoTest"/>
  <testcase name="apiDemo" time="14.281" classname="Practice.apiDemoTest"/>
</testsuite> <!-- Practice.apiDemoTest -->
