<?xml version="1.0" encoding="UTF-8"?>
<!-- Generated by org.testng.reporters.JUnitReportReporter -->
<testsuite skipped="0" hostname="P59243" name="Practice.basics" tests="1" failures="0" timestamp="2019-12-03T14:50:47 JST" time="16.796" errors="0">
  <testcase name="apiDemo" time="16.796" classname="Practice.basics"/>
</testsuite> <!-- Practice.basics -->
