<?xml version="1.0" encoding="UTF-8"?>
<!-- Generated by org.testng.reporters.JUnitReportReporter -->
<testsuite skipped="0" hostname="P59243" name="Practice.EcommerceTest" tests="1" failures="0" timestamp="2019-12-19T17:00:50 JST" time="102.911" errors="0">
  <testcase name="totalValidation" time="102.911" classname="Practice.EcommerceTest"/>
</testsuite> <!-- Practice.EcommerceTest -->
