<?xml version="1.0" encoding="UTF-8"?>
<!-- Generated by org.testng.reporters.JUnitReportReporter -->
<testsuite skipped="0" hostname="P59243" name="Practice.apiDemoTest" tests="2" failures="0" timestamp="2019-12-05T16:38:01 JST" time="31.119" errors="0">
  <testcase name="apiDemo" time="16.021" classname="Practice.apiDemoTest"/>
  <testcase name="apiDemo" time="15.098" classname="Practice.apiDemoTest"/>
</testsuite> <!-- Practice.apiDemoTest -->
