<?xml version="1.0" encoding="UTF-8"?>
<!-- Generated by org.testng.reporters.JUnitReportReporter -->
<testsuite skipped="0" hostname="P59243" name="Practice.EcommerceTest" tests="1" failures="0" timestamp="2019-12-05T16:38:01 JST" time="28.231" errors="0">
  <testcase name="totalValidation" time="28.231" classname="Practice.EcommerceTest"/>
</testsuite> <!-- Practice.EcommerceTest -->
